=========================================
Number of hidden layer neural :  5
The learning rate :  0.3
The init w1: [[0.82244757 0.92403722 0.48090711 0.70880223]
 [0.55746238 0.73713211 0.56676896 0.54602352]
 [0.14865409 0.87517644 0.16090698 0.79262648]
 [0.21112226 0.00340966 0.7418177  0.83046842]
 [0.25850558 0.06520749 0.49646428 0.61636709]]
The init b1: [[0.58862453]
 [0.16488451]
 [0.18014937]
 [0.74333853]
 [0.65005158]]
The init w2: [[0.44375293 0.24326754 0.51554446 0.60713638 0.81308863]
 [0.49681651 0.88182875 0.87927613 0.1131015  0.14047798]
 [0.66358555 0.8196638  0.924717   0.85823287 0.99272741]]
The init b2: [[0.66743043]
 [0.52099595]
 [0.25891195]]
The training epoch :  50000
The finial w1 :  [[  0.85798601   0.94256446   0.47395514   0.70416002]
 [  0.45106888  -2.71251607  -1.45506499  15.48163201]
 [ -1.64974404  -1.26537879   2.0237215    4.5203455 ]
 [-12.09223622 -41.18273676  32.27757818  28.13743976]
 [-35.23953687  25.23122293  26.37318777  12.95443692]]
The finial b1 :  [[  0.59896909]
 [-14.40816479]
 [  2.69188159]
 [ -6.04364327]
 [  8.10894049]]
The finial w2 :  [[ 0.99160653 -0.02522161 -4.65948015  0.09086835  0.1782357 ]
 [-1.1514622  -1.03167387  7.37527603 -3.5039646  -2.96387923]
 [-0.86261826  0.99691002 -3.01147118  3.49686353  3.05785982]]
The finial b2 :  [[ 1.22134586]
 [-1.13687624]
 [-1.27141147]]
The Correct rate of training data :  99.16666666666667
The Correct rate of testing data :  100.0
=========================================
=========================================
Number of hidden layer neural :  5
The learning rate :  0.5
The init w1: [[0.72059038 0.14422498 0.48939859 0.75543458]
 [0.88700103 0.86163188 0.85632128 0.55096723]
 [0.18305393 0.18348041 0.59738034 0.31041785]
 [0.85785608 0.04176858 0.31704341 0.42532273]
 [0.85185647 0.7712396  0.45283552 0.16232692]]
The init b1: [[0.49797305]
 [0.3687493 ]
 [0.81893302]
 [0.7591995 ]
 [0.19871028]]
The init w2: [[0.41740378 0.54454345 0.72419917 0.28771053 0.76952066]
 [0.376262   0.08033549 0.38079646 0.55244455 0.91456739]
 [0.72703924 0.00443811 0.32427795 0.84012906 0.94579114]]
The init b2: [[0.10264092]
 [0.51528671]
 [0.63042857]]
The training epoch :  50000
The finial w1 :  [[-10.22860774 -43.9561167   32.43141279  35.78626373]
 [  1.08179148   0.97036907   0.91119178   0.56237427]
 [ 32.75668312  -6.96763152 -33.54513974 -19.56935398]
 [ -2.35182829  -2.15826736   3.40793519   0.36452192]
 [ 12.05664343   5.0272856  -11.42290964  -5.17945345]]
The finial b1 :  [[-23.85254694]
 [  0.41091954]
 [  9.252042  ]
 [  8.25620639]
 [  0.3587595 ]]
The finial w2 :  [[ 0.11788748  1.38184048 -0.21342209 -4.7664366   0.08073293]
 [-3.04928748 -0.31435748  2.39031722  5.70668374 -4.55345472]
 [ 3.00249297 -2.43337102 -2.36415173 -1.16364579  4.53890117]]
The finial b2 :  [[ 0.97386145]
 [ 0.08674765]
 [-1.8035927 ]]
The Correct rate of training data :  99.16666666666667
The Correct rate of testing data :  100.0
=========================================
=========================================
Number of hidden layer neural :  5
The learning rate :  0.7
The init w1: [[0.86593129 0.34069011 0.63020549 0.62679615]
 [0.15766701 0.26006423 0.36687268 0.20077153]
 [0.86501658 0.13183166 0.88075052 0.01693935]
 [0.79172856 0.80000174 0.58427964 0.71808742]
 [0.23619246 0.82984013 0.57022798 0.94788732]]
The init b1: [[0.8144893 ]
 [0.36762026]
 [0.66548574]
 [0.10155606]
 [0.83931546]]
The init w2: [[0.65331925 0.64071443 0.62704294 0.58690287 0.57873395]
 [0.65458662 0.78114494 0.8213266  0.89821974 0.94697418]
 [0.77417286 0.032937   0.62046611 0.7311413  0.36824477]]
The init b2: [[0.8130961 ]
 [0.07454346]
 [0.32391441]]
The training epoch :  50000
The finial w1 :  [[ 13.00341819  34.45241733 -31.13746347 -33.54129623]
 [ -2.68634899  -3.65094454   6.46863268   2.12606205]
 [ 16.03938176  16.95283649 -25.42703553 -24.79738932]
 [ -1.0775457   -0.35354914  -1.43658549   0.859313  ]
 [-29.21195474  -4.11206417  32.69372705  27.43560598]]
The finial b1 :  [[23.84845477]
 [ 6.14308978]
 [13.02310646]
 [-0.4137771 ]
 [-8.54051023]]
The finial w2 :  [[ 5.87613552e-04 -4.39717720e+00 -2.47776630e-03  1.10689564e+00
  -5.67351621e-04]
 [ 5.78467130e+00  4.37832575e+00 -6.69015690e+00 -2.49800721e+00
  -5.19264381e+00]
 [-5.78478410e+00  2.06066046e-02  6.69245667e+00  1.01813756e+00
   5.19322103e+00]]
The finial b2 :  [[ 2.20056502]
 [-1.31091241]
 [-3.08854577]]
The Correct rate of training data :  99.16666666666667
The Correct rate of testing data :  96.66666666666667
=========================================
=========================================
Number of hidden layer neural :  5
The learning rate :  1
The init w1: [[0.10482752 0.48214049 0.04051343 0.01514096]
 [0.64003072 0.79626004 0.25210362 0.66692848]
 [0.98730382 0.03209918 0.02323963 0.60042927]
 [0.0444655  0.78023063 0.28243084 0.93424681]
 [0.67083021 0.36999768 0.26318407 0.78023855]]
The init b1: [[0.28670554]
 [0.50386713]
 [0.81758165]
 [0.66737226]
 [0.10921228]]
The init w2: [[0.17489159 0.1439193  0.1507747  0.05730018 0.2699651 ]
 [0.99397851 0.16112009 0.17612553 0.86485164 0.15291762]
 [0.44605675 0.27249735 0.35672572 0.36258985 0.94690308]]
The init b2: [[0.63607   ]
 [0.02088532]
 [0.77173381]]
The training epoch :  50000
The finial w1 :  [[  2.15759337   3.08901784  -7.03126092  -2.54377654]
 [-40.23854859 -48.35441881  60.89551909  96.74612346]
 [ 39.57991079  -1.04756117 -43.58096472 -34.39423437]
 [ -1.51391037  -2.47175348   5.06474848   3.29319253]
 [  6.83615366   4.23022427  -5.31483678  -4.51872234]]
The finial b1 :  [[ 3.47783363e+00]
 [-9.91199525e+01]
 [ 2.04457185e+01]
 [-3.15038010e-02]
 [ 2.70626603e+00]]
The finial w2 :  [[-1.99822274e-01 -5.32069382e-05 -6.35108056e-04 -4.59982508e+00
   4.63317781e-01]
 [-1.54001614e+00 -2.13453873e+00  2.33835629e+00  2.63063072e+00
   2.03078191e+00]
 [ 1.85243010e+00  2.13288031e+00 -2.34041591e+00  2.14241885e+00
  -2.39771083e+00]]
The finial b2 :  [[ 1.93937294]
 [-5.47468751]
 [ 1.06582785]]
The Correct rate of training data :  97.5
The Correct rate of testing data :  96.66666666666667
=========================================
=========================================
Number of hidden layer neural :  10
The learning rate :  0.3
The init w1: [[0.55710388 0.02550888 0.09765328 0.99012637]
 [0.11751645 0.77810441 0.23577493 0.39983158]
 [0.10514763 0.33928944 0.31914076 0.65033003]
 [0.87981208 0.54238298 0.37500782 0.08248611]
 [0.73193238 0.72754033 0.85306425 0.51928526]
 [0.6482097  0.9814101  0.52074946 0.35252842]
 [0.16880327 0.12021293 0.22887807 0.38312232]
 [0.86792647 0.85042601 0.45849779 0.26506135]
 [0.14368343 0.0129559  0.99204397 0.86234767]
 [0.65790451 0.41281093 0.81491102 0.60570945]]
The init b1: [[0.51302671]
 [0.94182472]
 [0.11107573]
 [0.88859751]
 [0.44693248]
 [0.10287335]
 [0.96350501]
 [0.30378743]
 [0.26948645]
 [0.80020168]]
The init w2: [[0.46075336 0.60131098 0.03100959 0.30990083 0.2882829  0.64433578
  0.91789634 0.45220009 0.59647377 0.51837722]
 [0.93314866 0.76275018 0.44537858 0.69867204 0.82344575 0.07598333
  0.07046468 0.69442753 0.76454926 0.48259493]
 [0.00258902 0.40667164 0.78069254 0.21566504 0.38350993 0.45983784
  0.26992557 0.21000601 0.1906125  0.82413746]]
The init b2: [[0.15203899]
 [0.13530107]
 [0.21402676]]
The training epoch :  12737
The finial w1 :  [[ -6.90839485 -31.86121476  19.01255413  16.53133562]
 [ 15.09898634  -4.3025359  -15.93215361  -7.71629853]
 [-11.4608168  -37.34718944  30.63716097  30.9444826 ]
 [ -0.33408152  -0.1257274   -0.2719981   -0.06135641]
 [  0.72121183   0.71502899   0.84768823   0.51631308]
 [  0.65460127   0.32106709   0.04870992   0.061295  ]
 [ 20.94296955  23.52418029 -32.69374211 -42.27503243]
 [  0.83511511   0.83099479   0.42220179   0.25041631]
 [ -1.02565458  -2.27075617   3.72047222   3.281884  ]
 [  0.61945769   0.36330197   0.78995436   0.58759287]]
The finial b1 :  [[  8.52401405]
 [  7.55123664]
 [-19.48531532]
 [  0.50736304]
 [  0.44599477]
 [ -0.50736756]
 [ 47.13130863]
 [  0.29965871]
 [ -0.0588047 ]
 [  0.80049278]]
The finial w2 :  [[ 3.24847031e-03 -1.09034471e-02  1.27880571e-03  2.44084601e-01
   3.30685910e-01  6.17971800e-01  4.40072008e-03  4.98357826e-01
  -4.40320919e+00  5.50383183e-01]
 [ 4.43895506e+00  1.13792265e-01 -4.35926127e+00 -2.06710525e-01
  -1.03435826e+00 -1.41141854e+00  4.37339072e+00 -1.17259816e+00
   4.43256181e+00 -1.36578385e+00]
 [-4.44361879e+00 -1.02715796e-01  4.35688692e+00 -3.99820936e-01
   4.54927786e-01  4.26504383e-01 -4.37584526e+00  2.88101032e-01
  -5.31058411e-02  8.95559960e-01]]
The finial b2 :  [[ 0.20286979]
 [-1.73487097]
 [ 0.29010944]]
The Correct rate of training data :  100.0
The Correct rate of testing data :  96.66666666666667
=========================================
=========================================
Number of hidden layer neural :  10
The learning rate :  0.5
The init w1: [[0.49475929 0.72112925 0.78560055 0.20760812]
 [0.53288639 0.85684846 0.5443621  0.95207473]
 [0.4311     0.53848474 0.89741805 0.01180731]
 [0.11459939 0.89049715 0.62857193 0.55923364]
 [0.7992583  0.19686988 0.66850411 0.64413441]
 [0.01655002 0.43947483 0.78889187 0.77181274]
 [0.33648109 0.83756721 0.91025537 0.31057657]
 [0.9471835  0.82857823 0.71489108 0.16264583]
 [0.85025852 0.90502159 0.86226275 0.37972742]
 [0.99778978 0.4524269  0.91992933 0.17005108]]
The init b1: [[0.71092249]
 [0.40490445]
 [0.54480585]
 [0.84216573]
 [0.72190695]
 [0.12726363]
 [0.72544979]
 [0.73484149]
 [0.89473765]
 [0.40003039]]
The init w2: [[0.19819473 0.7031655  0.65611906 0.86348043 0.80796438 0.06654098
  0.4881645  0.10401537 0.53351508 0.79898187]
 [0.21881314 0.31255261 0.20384069 0.93987095 0.78201578 0.03053476
  0.63214814 0.46015814 0.3626322  0.76562278]
 [0.8800651  0.78976882 0.30693179 0.63758528 0.56494607 0.00790808
  0.22763363 0.19547384 0.07794406 0.57213012]]
The init b2: [[0.87780329]
 [0.29857235]
 [0.31677537]]
The training epoch :  50000
The finial w1 :  [[-15.79944691 -24.42834501  29.66800438  36.6016007 ]
 [ -0.88391825 -20.11162725  11.01952755 -15.44171605]
 [ 17.01315932   7.10391694 -25.17990833 -16.82775754]
 [ 14.13259168  39.84565116 -34.43469943 -37.27169251]
 [-16.5339148   -4.07705969  21.00747697  19.65806032]
 [ -1.31173423  -3.37787433   4.74104571   5.71084701]
 [  7.23155816  -1.04104314 -11.25728777 -28.21903859]
 [  2.55090826  -0.89235102   0.86457293  -1.7579832 ]
 [ -0.47222155   5.65996876  -5.20321766  11.58588226]
 [ -0.68756567 -19.46100702  11.2784465   -9.07090177]]
The finial b1 :  [[-31.57125524]
 [  5.82678994]
 [  5.25715105]
 [ 23.07265502]
 [ -3.02008221]
 [  0.58431681]
 [ 34.33630562]
 [  1.33333932]
 [ -5.31612114]
 [ -2.67685497]]
The finial w2 :  [[ 1.67621008e-03  2.33964924e-04  8.07942659e-02  2.81328193e-03
   7.93987138e-02 -4.40307737e+00 -8.18906665e-03  5.91781496e-01
  -2.98656635e-03  6.71851204e-03]
 [ 1.19003797e+00  4.92337960e+00  2.54657351e+00  5.39836886e+00
   2.57824289e+00  3.90756697e+00 -4.74585182e-02 -4.14999085e+00
  -9.36986758e-01 -5.19435353e+00]
 [-1.19088621e+00 -4.92473095e+00 -2.73057845e+00 -5.40383428e+00
  -2.76041085e+00  5.05553403e-01  6.08903088e-02  2.24808222e+00
   9.42186772e-01  5.20150386e+00]]
The finial b2 :  [[ 1.53477746]
 [-5.11123906]
 [ 2.78127827]]
The Correct rate of training data :  98.33333333333333
The Correct rate of testing data :  96.66666666666667
=========================================
=========================================
Number of hidden layer neural :  10
The learning rate :  0.7
The init w1: [[0.15149295 0.59484462 0.45614711 0.37728849]
 [0.89204414 0.43317904 0.22117035 0.74646929]
 [0.79787311 0.03689713 0.34643701 0.54768496]
 [0.97251877 0.94853369 0.53648212 0.54684539]
 [0.39872474 0.69116911 0.0170006  0.87400415]
 [0.37207558 0.18769284 0.28818574 0.18034517]
 [0.61911188 0.33189018 0.94237185 0.29174867]
 [0.87957749 0.57475542 0.01670094 0.08429957]
 [0.17713789 0.98325772 0.67943376 0.03055313]
 [0.93199656 0.79132024 0.66214342 0.79644453]]
The init b1: [[0.20583133]
 [0.16356506]
 [0.27215772]
 [0.32073427]
 [0.89527827]
 [0.19123835]
 [0.27953352]
 [0.90971508]
 [0.3464639 ]
 [0.7505468 ]]
The init w2: [[0.64557047 0.7588177  0.42869311 0.50262945 0.39717299 0.23469906
  0.10614559 0.80920773 0.63541543 0.62981217]
 [0.31870582 0.80302446 0.96223398 0.304405   0.91915684 0.33111959
  0.45014666 0.81553607 0.79037488 0.29669587]
 [0.57128948 0.82588779 0.21286721 0.85636366 0.72740803 0.15897335
  0.74171663 0.20010385 0.38907726 0.66622703]]
The init b2: [[0.0417138 ]
 [0.3883561 ]
 [0.81389363]]
The training epoch :  32747
The finial w1 :  [[-2.72079183e+01  5.51660173e+01 -9.19504758e+00  1.34730002e+01]
 [-1.30737064e+00 -7.21488242e-01 -6.20348772e-01  9.76855134e-01]
 [-5.33218055e+00 -3.36006607e+01  3.20807409e+01  2.56593725e+01]
 [ 6.19126691e+00  6.00290246e+01 -3.29329986e+01 -1.49857957e+01]
 [ 1.23339683e+01  4.81871861e+01 -3.66275306e+01 -3.62111987e+01]
 [ 1.38925908e+00 -7.72604248e+00  2.57019625e+00  3.41300524e+00]
 [-1.89530280e+01 -3.39516053e+01  3.69616014e+01  4.33130906e+01]
 [-9.05116121e-01 -4.86870546e+01  3.36415289e+01 -2.13097239e+00]
 [ 2.64173145e+01  2.24120805e-02 -2.74805024e+01 -2.85255598e+01]
 [ 9.92325751e-01  7.75758183e-01  6.31462159e-01  7.78817779e-01]]
The finial b1 :  [[  5.54162254]
 [ -0.37579228]
 [-18.7327716 ]
 [ -9.95299252]
 [ 19.52522707]
 [  4.3274275 ]
 [-56.34858681]
 [ 17.5401061 ]
 [ 13.19558226]
 [  0.77145979]]
The finial w2 :  [[-7.52331868e-03  6.01156705e-01 -7.50542164e-02 -3.52029736e-04
  -1.16310272e-02 -4.51835051e+00 -1.55890933e-03  1.66554675e-01
  -4.81338127e-03  1.40286610e+00]
 [ 4.22427202e+00 -8.33117498e-01 -4.14757884e+00 -4.22627180e+00
   9.03418569e-01  8.99273126e+00 -4.26829735e+00  3.78383573e+00
   3.46081810e+00 -3.33333090e+00]
 [-4.23021170e+00  2.93320197e-01  4.23836005e+00  4.23170185e+00
  -8.87819427e-01 -4.49449078e+00  4.27404365e+00 -3.96025610e+00
  -3.46179458e+00  1.00940028e+00]]
The finial b2 :  [[ 0.82780344]
 [-3.24828815]
 [ 1.15450881]]
The Correct rate of training data :  100.0
The Correct rate of testing data :  90.0
=========================================
=========================================
Number of hidden layer neural :  10
The learning rate :  1
The init w1: [[0.25958758 0.63773168 0.76355773 0.67284357]
 [0.4144701  0.40643505 0.52052444 0.79426229]
 [0.86952552 0.91418934 0.77045378 0.91903146]
 [0.9207896  0.5256448  0.32371784 0.24681784]
 [0.14152226 0.52618819 0.74512564 0.11496046]
 [0.65825064 0.08995889 0.16655859 0.96302283]
 [0.98452338 0.63643461 0.14424576 0.25409937]
 [0.68101323 0.59070404 0.45318536 0.6520321 ]
 [0.45154797 0.47482932 0.77370528 0.4981002 ]
 [0.36969541 0.37577015 0.62053177 0.47085921]]
The init b1: [[0.41701435]
 [0.41932219]
 [0.03305848]
 [0.2201895 ]
 [0.56614302]
 [0.53360369]
 [0.64738861]
 [0.65500396]
 [0.82061374]
 [0.29554594]]
The init w2: [[0.63642693 0.02753511 0.36263799 0.91039628 0.64600726 0.15090028
  0.70850163 0.0544384  0.46487016 0.96177877]
 [0.83634811 0.67402742 0.55777283 0.71226913 0.19007558 0.74960931
  0.38039613 0.90429325 0.91875923 0.68815084]
 [0.01543094 0.25880057 0.88841626 0.21164269 0.02152404 0.49861836
  0.24952776 0.62922815 0.38302768 0.96136873]]
The init b2: [[0.84012698]
 [0.18433944]
 [0.24421486]]
The training epoch :  50000
The finial w1 :  [[-14.5532104  -27.2506889   29.53057757   9.03355112]
 [ -6.28770614  -4.77923018   5.25074571   5.69818799]
 [-22.91158092  48.08072043  -5.616915   -15.41450251]
 [ -5.70835892  -3.95006191   4.51980978   5.6494916 ]
 [ 22.53028285  64.37061205 -56.66241009 -70.85506827]
 [  1.71515023  -4.83986264   0.26273767   6.71552559]
 [ -6.09041333  -6.00528383  14.38135691  11.26693509]
 [ 22.28066807  -2.61727282 -27.05119177 -19.49871916]
 [ 26.24810908  40.40588213 -40.47117956 -89.50721132]
 [  2.00996272   3.63414825  -7.54937832  -5.83985025]]
The finial b1 :  [[-26.66579608]
 [ -1.76427163]
 [  6.51749824]
 [ -2.49904785]
 [ 64.55655176]
 [ -1.81006184]
 [ -4.33009434]
 [  9.86226192]
 [ 73.95288874]
 [  2.78147751]]
The finial w2 :  [[-1.60443288e-04 -2.19539635e-01  1.46368952e-01  5.63346176e-02
  -2.90682273e-03 -2.63081618e-01 -2.18418484e+00 -4.88968821e-03
  -8.68583856e-05  1.80980927e+00]
 [-5.30623602e-02 -2.32917033e+00  3.23903964e+00 -2.49424475e+00
   2.34472152e+00  5.99083067e+00 -3.03037150e+00  1.85258248e-01
   2.08525390e+00 -4.73706789e+00]
 [ 5.14443419e-02  2.46723315e+00 -3.34971061e+00  2.55991426e+00
  -2.32849245e+00 -4.85366332e+00  4.71989817e+00 -1.66888048e-01
  -2.09206949e+00  3.18006309e+00]]
The finial b2 :  [[ 0.24999797]
 [-5.42983329]
 [ 2.60147961]]
The Correct rate of training data :  98.33333333333333
The Correct rate of testing data :  96.66666666666667
=========================================
=========================================
Number of hidden layer neural :  15
The learning rate :  0.3
The init w1: [[0.59291735 0.25441155 0.43416808 0.39119738]
 [0.40698131 0.45025198 0.9996023  0.13197784]
 [0.33239421 0.07033469 0.71396706 0.53313665]
 [0.69066406 0.6073683  0.80079619 0.63309231]
 [0.9337031  0.7729088  0.19188528 0.08165156]
 [0.86268661 0.54286855 0.11464152 0.04096476]
 [0.84079364 0.99851272 0.49183793 0.19384703]
 [0.75228314 0.8232604  0.61338973 0.85163876]
 [0.89926286 0.01613687 0.93386868 0.00619436]
 [0.48231389 0.83632744 0.0548851  0.1399886 ]
 [0.70459713 0.27646926 0.44991278 0.12258799]
 [0.33838065 0.1685397  0.13242308 0.02185176]
 [0.60766246 0.71354785 0.72408206 0.00137146]
 [0.19478923 0.59055025 0.9795102  0.13068034]
 [0.77026776 0.47431887 0.47796946 0.26784762]]
The init b1: [[0.82801802]
 [0.10769963]
 [0.48146614]
 [0.53370921]
 [0.08466669]
 [0.76043437]
 [0.57243887]
 [0.95744406]
 [0.53836552]
 [0.45112218]
 [0.34613759]
 [0.37021694]
 [0.48370634]
 [0.8966666 ]
 [0.74973235]]
The init w2: [[0.74003313 0.12840179 0.10691831 0.05204327 0.72071217 0.60620318
  0.41442129 0.13703846 0.98453529 0.43097615 0.85424501 0.60177812
  0.04948041 0.93753383 0.67958128]
 [0.0266115  0.77444858 0.1587854  0.84005021 0.92410465 0.76358627
  0.73497903 0.17331454 0.98966165 0.58900684 0.65661404 0.25184797
  0.61133891 0.23354687 0.25033934]
 [0.62369194 0.9688054  0.34898731 0.4051852  0.68467949 0.57323142
  0.21080886 0.25912828 0.92323022 0.84736074 0.5142914  0.35550654
  0.46260589 0.21011825 0.91885484]]
The init b2: [[0.8381618 ]
 [0.98492451]
 [0.73770225]]
The training epoch :  29911
The finial w1 :  [[ 18.05413804  -7.90595697 -13.95607962 -16.88125775]
 [ -9.65184969 -26.46187659  16.31880018  20.53076497]
 [ -0.74625725  -3.24545956   2.55420162   5.67168861]
 [  0.75277112   0.60785942   0.81049082   0.63091598]
 [  2.62562196  10.89593558  -7.72413777   9.02429881]
 [  8.2687975    9.40997402  -9.63050045 -12.61211748]
 [  0.88465634   1.01837708   0.48130754   0.18772709]
 [  0.84962031   0.86381209   0.63723503   0.85394863]
 [  4.25917375 -23.22132563   8.49463229  -8.98035857]
 [ -1.93779924 -25.80949509  17.12010039  -3.03035445]
 [  7.44018432 -21.8430819   -2.43590198   2.40725265]
 [ 12.30108694  37.83633399 -31.24021407 -29.85662866]
 [ -1.8535567   17.65021516  -4.60566581   2.74769174]
 [ -1.893618    15.84078449  -3.36434812   3.6062022 ]
 [  9.62118526  -7.76746133  -2.27434316 -32.30314728]]
The finial b1 :  [[  7.26772275]
 [-14.66825085]
 [  2.17407477]
 [  0.55299073]
 [ -4.42219036]
 [ 13.08039202]
 [  0.58585263]
 [  0.9812109 ]
 [  4.4282345 ]
 [ -8.15520646]
 [  1.48426935]
 [ 13.71538998]
 [ -1.35413125]
 [ -1.94912363]
 [ 29.00636737]]
The finial w2 :  [[-5.85858395e-03  6.93197813e-04 -4.41330124e+00  6.83499289e-02
   5.85879876e-02  1.23375306e-01  4.64508313e-01  1.85622559e-01
   1.42320790e-02 -1.18115387e-02  9.00416982e-03 -3.22644644e-03
   4.13635734e-01  2.39487799e-03 -1.69061047e-03]
 [-4.47986503e+00  4.61419150e+00  4.40087365e+00 -3.80852929e-01
  -9.18788499e-01  4.36796141e+00 -5.25673658e-01 -1.08759680e+00
   5.63346338e+00 -9.71035471e+00  5.34812060e+00  4.52467635e+00
  -3.72401729e+00 -4.07557719e+00  4.37418099e+00]
 [ 4.48748101e+00 -4.61873585e+00  1.40180234e-02 -4.89795150e-01
   9.77128570e-01 -4.66265349e+00 -6.65303166e-01 -6.18367331e-01
  -5.64600189e+00  9.72636903e+00 -5.36068244e+00 -4.52019462e+00
   3.68174160e+00  4.13324470e+00 -4.37528727e+00]]
The finial b2 :  [[ 0.90016865]
 [-0.29791444]
 [-0.12944966]]
The Correct rate of training data :  100.0
The Correct rate of testing data :  93.33333333333333
=========================================
=========================================
Number of hidden layer neural :  15
The learning rate :  0.5
The init w1: [[0.18501231 0.73601228 0.38441116 0.44810942]
 [0.40861818 0.77536373 0.65464268 0.82551111]
 [0.81291645 0.50388937 0.14144412 0.31773212]
 [0.11399714 0.37935711 0.14252635 0.51126085]
 [0.62344651 0.06317842 0.80491818 0.42494268]
 [0.55384709 0.08485576 0.3268699  0.1877725 ]
 [0.63284394 0.91612939 0.85996488 0.609746  ]
 [0.13565863 0.96959754 0.63099241 0.62022786]
 [0.5617003  0.22733071 0.91905753 0.61401538]
 [0.95579976 0.8077533  0.98175785 0.61726745]
 [0.43023397 0.63599046 0.25936729 0.79186718]
 [0.53020536 0.67528549 0.97847106 0.30548944]
 [0.56495902 0.41443245 0.74585063 0.10001857]
 [0.63174812 0.64133698 0.64137803 0.64466682]
 [0.88194646 0.94841263 0.23020054 0.01628292]]
The init b1: [[0.18297974]
 [0.53901707]
 [0.61316792]
 [0.34523976]
 [0.43436485]
 [0.07557292]
 [0.66039895]
 [0.84604928]
 [0.92511318]
 [0.00484315]
 [0.22839648]
 [0.15159553]
 [0.03455048]
 [0.36644067]
 [0.92274703]]
The init w2: [[0.96111084 0.90129151 0.9419729  0.20400416 0.13142856 0.39697299
  0.13685704 0.68974766 0.74374877 0.43997324 0.86994064 0.09609769
  0.48236808 0.60000097 0.52758975]
 [0.82927226 0.03445772 0.71145049 0.65366451 0.05118701 0.36395081
  0.18596936 0.58523397 0.88126363 0.96967245 0.9601524  0.75647922
  0.3736589  0.43394192 0.938821  ]
 [0.01158007 0.49948028 0.80447707 0.3276697  0.85325365 0.22444549
  0.51316734 0.66221113 0.37432364 0.11391453 0.14385419 0.54787751
  0.66969318 0.68633079 0.34541663]]
The init b2: [[0.52823114]
 [0.93126835]
 [0.47505117]]
The training epoch :  14532
The finial w1 :  [[ -3.22672343   0.28960537   0.69206944   0.60715024]
 [ -3.78453758   0.83770121  -0.1633963    9.05974929]
 [ 16.29331732   0.25788733 -21.95067192 -12.87946248]
 [ -1.17372903  -2.6955909    4.52001383   4.14471323]
 [-13.35679005 -44.44314893  35.71827873  33.50279285]
 [ 12.14657311  29.84819628 -25.19101719 -23.45723704]
 [  0.57809633   0.86896354   0.78529688   0.57390214]
 [ -6.67549194   4.94398801   0.75884007   2.04372327]
 [ -8.69823741 -28.61998963  19.28180443  22.51736313]
 [  0.95614328   0.80118599   0.98227959   0.61601402]
 [ -2.30732035  -1.05392685   0.61939387   0.47781368]
 [  6.84228191   3.73855961  -8.96624335  -8.38574262]
 [ -6.15238172 -49.400925    28.77521125   6.11468128]
 [ -2.14389301   0.05604186   0.22368622   0.88714131]
 [  9.5263228    2.96792939 -13.87136784 -10.28525758]]
The finial b1 :  [[ 2.26019715e+00]
 [-6.39811480e+00]
 [ 6.32946745e+00]
 [-3.12681976e-01]
 [-1.54849458e+01]
 [ 1.67411394e+01]
 [ 6.65550518e-01]
 [ 4.83663058e+00]
 [-9.27884022e+00]
 [ 6.41591559e-03]
 [ 1.87404151e+00]
 [ 3.44060907e+00]
 [ 1.63605556e+01]
 [-3.58384566e-02]
 [ 3.54098308e+00]]
The finial w2 :  [[ 2.00673649e-01 -1.56651291e-03  1.04309972e-02 -4.40938662e+00
   3.62576337e-04 -1.55134291e-04  4.98945302e-01 -5.83324858e-02
  -2.07436057e-04  8.10446363e-01  1.96142683e-01  1.06152420e-03
  -2.18601156e-04  1.67410648e-01 -2.05202551e-02]
 [ 1.55569388e+00  4.54128766e-01  1.51175404e+00  4.31641805e+00
  -4.45208369e+00  3.55679302e+00 -2.39541004e+00  1.92998057e+00
  -9.11514695e-01 -1.61791758e+00  1.43582907e+00 -5.72730624e-04
   4.43437714e+00  8.85899215e-01 -1.62320400e+00]
 [-1.70783077e+00 -4.52011431e-01 -1.52055907e+00  9.51922021e-02
   4.45186108e+00 -3.55998327e+00  5.66187261e-01 -1.93169605e+00
   9.08607283e-01  1.67417004e-01 -1.48620255e+00 -7.97269491e-04
  -4.43451349e+00 -9.50531626e-01  1.64302598e+00]]
The finial b2 :  [[ 0.90285371]
 [-1.66117384]
 [ 0.53231864]]
The Correct rate of training data :  100.0
The Correct rate of testing data :  96.66666666666667
=========================================
=========================================
Number of hidden layer neural :  15
The learning rate :  0.7
The init w1: [[0.91669312 0.45889853 0.76944711 0.8069609 ]
 [0.41535132 0.87185877 0.1739511  0.24300408]
 [0.92255282 0.44334244 0.84447392 0.13163286]
 [0.33415625 0.28005744 0.85425781 0.98340227]
 [0.13288289 0.53945145 0.80632203 0.4030482 ]
 [0.80885655 0.18487869 0.51617377 0.6571156 ]
 [0.28531485 0.35915416 0.87082433 0.24956876]
 [0.30922409 0.14604463 0.09183522 0.25637221]
 [0.94373196 0.4166946  0.74892007 0.68994003]
 [0.41240129 0.57153522 0.38200463 0.15666157]
 [0.246966   0.78011547 0.43642858 0.86333926]
 [0.68719111 0.75147165 0.21433094 0.56297825]
 [0.33805021 0.00346748 0.16378606 0.19180858]
 [0.04453665 0.50313308 0.0134625  0.22042995]
 [0.3067665  0.85983184 0.20638119 0.66639417]]
The init b1: [[0.11314786]
 [0.94597099]
 [0.89195718]
 [0.56876677]
 [0.17629211]
 [0.11060026]
 [0.5172813 ]
 [0.38969025]
 [0.64286836]
 [0.41902041]
 [0.45275417]
 [0.43016676]
 [0.90190897]
 [0.62172982]
 [0.38618592]]
The init w2: [[0.18839825 0.06558842 0.45412751 0.46635679 0.86979879 0.0522174
  0.95814549 0.74951239 0.00517816 0.69774206 0.12107781 0.9815228
  0.89612142 0.14107228 0.09473553]
 [0.9043752  0.28828879 0.70094232 0.28515779 0.58810402 0.96999605
  0.34017324 0.11259878 0.54943767 0.03019716 0.30199185 0.2049969
  0.28319179 0.64671762 0.26132052]
 [0.75270119 0.71375169 0.54345806 0.32111513 0.25921961 0.48000699
  0.06018278 0.4161649  0.28750728 0.37292059 0.52622915 0.46873575
  0.11834545 0.65999399 0.17281214]]
The init b2: [[0.47775463]
 [0.49916768]
 [0.99290566]]
The training epoch :  50000
The finial w1 :  [[ -0.81526162 -21.07353114  11.07369498 -16.73951194]
 [ 13.0350919    2.69826006 -17.14064993 -14.78387749]
 [ -6.94408465 -27.74979139  14.38301645  22.26661207]
 [  4.21443944 -15.33279282   1.34370812  -7.93833168]
 [-25.05952302  14.92216731  19.19525729  20.63023414]
 [-19.67684105  -3.86191364  16.28194336  17.25169389]
 [  4.89861946 -15.64861157   1.21343371  -7.910068  ]
 [  1.08150686   3.36311863  -5.55395654  -3.26448817]
 [  8.63182087  27.48265189 -16.05674317 -21.45660487]
 [ 27.55034644 -12.26403258 -23.20031873 -26.28034014]
 [-13.01259963 -53.41009383  34.92252293  22.94888949]
 [  0.18832984   3.6640908   -4.3053272   -7.14866967]
 [ 14.83107454  47.82359297 -38.98131882 -42.62407214]
 [ 14.0980844   37.60195595 -24.62378124 -34.27741402]
 [  4.36490021   5.13507684 -10.44996122  -8.54478071]]
The finial b1 :  [[  4.4354254 ]
 [  9.46584129]
 [-14.26092284]
 [  4.33246921]
 [ -6.00241125]
 [-13.16087181]
 [ -0.93437822]
 [  0.99171583]
 [ 14.50761474]
 [  8.4642629 ]
 [  1.66105079]
 [  5.06236033]
 [ 26.32394297]
 [ 23.68099096]
 [  2.91365188]]
The finial w2 :  [[ 5.89226390e-04 -2.23697216e-03  7.85028967e-05  3.67147037e-03
  -2.65380705e-05  8.23057133e-03  9.96639454e-04  4.29755502e+00
  -3.41256423e-04  2.58870660e-04 -1.63989413e-04 -7.97410388e-03
   1.77059255e-04  4.16370006e-04  1.08571056e-01]
 [ 4.61852996e+00  4.56319397e-01  3.90715451e+00  3.54377134e+00
  -5.12276923e+00 -2.22965873e+00  3.57035254e+00 -3.00960225e+00
   1.75043578e+00 -5.39267013e+00 -4.37276218e-01  3.21089430e-01
   3.96287497e+00  2.11603097e+00 -1.74899622e+00]
 [-4.62484323e+00 -4.51509101e-01 -3.95816301e+00 -3.56974731e+00
   5.12599732e+00  2.31015222e+00 -3.57795207e+00 -1.36394819e+00
  -1.75860255e+00  5.39426132e+00  4.38819226e-01 -1.65557066e-01
  -3.96027197e+00 -2.15835982e+00  1.55490728e+00]]
The finial b2 :  [[-2.19714319]
 [-0.69449568]
 [ 0.74301248]]
The Correct rate of training data :  99.16666666666667
The Correct rate of testing data :  96.66666666666667
=========================================
=========================================
Number of hidden layer neural :  15
The learning rate :  1
The init w1: [[0.33981389 0.58529057 0.02321766 0.47273345]
 [0.65076136 0.04423819 0.87593031 0.49961132]
 [0.36440959 0.93857957 0.45458235 0.30503898]
 [0.03808538 0.21710213 0.79018829 0.52150038]
 [0.28447778 0.87137458 0.87279773 0.88948045]
 [0.83956431 0.20593625 0.91645003 0.3325068 ]
 [0.57502983 0.86415807 0.82993201 0.54127816]
 [0.14809953 0.20104991 0.47713846 0.16646662]
 [0.30133626 0.98631738 0.4840421  0.87133499]
 [0.80309469 0.72592798 0.45654463 0.73962376]
 [0.85428533 0.17632341 0.73346706 0.81229169]
 [0.7166524  0.11396466 0.14016336 0.04527007]
 [0.04321666 0.27271451 0.80056145 0.38420441]
 [0.24278633 0.49436348 0.89263755 0.01394314]
 [0.93090592 0.26889606 0.47950472 0.65680636]]
The init b1: [[0.69444624]
 [0.5864445 ]
 [0.59127366]
 [0.69279988]
 [0.75982028]
 [0.45726674]
 [0.23214637]
 [0.91849063]
 [0.81634975]
 [0.42049698]
 [0.2146646 ]
 [0.90127968]
 [0.90409103]
 [0.56587144]
 [0.02599626]]
The init w2: [[0.52680839 0.04177126 0.47299736 0.54144383 0.72862066 0.91843971
  0.44546273 0.37504782 0.28056962 0.09553886 0.84451625 0.14208065
  0.91703597 0.78250126 0.9635259 ]
 [0.23345222 0.50879293 0.94120326 0.40851068 0.59203035 0.21469277
  0.7822178  0.85910854 0.82997323 0.98862084 0.32540846 0.39139129
  0.09833552 0.42701089 0.91167506]
 [0.12253825 0.89745115 0.84111939 0.58604319 0.86826748 0.30142531
  0.66786086 0.7702075  0.9370915  0.70217795 0.65855991 0.28719591
  0.31245339 0.61025101 0.92518218]]
The init b2: [[0.5596418 ]
 [0.64148231]
 [0.21577583]]
The training epoch :  50000
The finial w1 :  [[  2.81954663   3.04909899  -8.58979908  -6.02277126]
 [ -7.92935042  -5.15049524   6.07094843   6.39113056]
 [  2.53944044   3.09018006  -9.33596117  -5.99900608]
 [ -1.42745047  -3.44636408   5.8663904    3.60683592]
 [ -8.68710933  -7.2433282   18.37836017  16.85217044]
 [ -1.99633282  -0.25246417  -0.53860661   0.93420005]
 [ -8.11259514  -4.16935338   5.73446301   6.95525764]
 [ -2.1260827  -28.30728799  17.05053255  25.31701487]
 [ 24.70085761  -2.38361342 -32.12955179 -26.59419535]
 [ -1.68949475  -0.5644207   -0.68165774   0.55937142]
 [ -5.70665348  -3.55181993   3.90478382   5.13814636]
 [ 19.93329398  20.41252953 -30.09025963 -39.55136472]
 [-26.27659277 -10.70276307  37.19822754  42.89602056]
 [ 24.76555764  63.29792847 -57.04863303 -59.35391931]
 [ -2.52427236  -2.25341661   7.14732793   6.42502295]]
The finial b1 :  [[  2.54111711]
 [ -2.2988022 ]
 [  2.36858531]
 [ -0.11262064]
 [ -4.38336016]
 [ -0.3318047 ]
 [ -2.62917522]
 [ -1.41640573]
 [ 12.92715031]
 [ -0.06619095]
 [ -1.93600179]
 [ 42.86936598]
 [-48.40730248]
 [ 35.71402235]
 [ -1.80786019]]
The finial w2 :  [[ 1.20144505e+00 -3.03553929e-02  3.62699993e-02 -2.31655309e+00
  -4.41800380e-01  6.84212782e-01 -1.77578399e-03  1.38043440e-02
   6.63182250e-03 -5.58034754e-02  1.17559453e-01  9.86936073e-05
   1.88899446e-04  9.74986596e-05 -4.06370132e-01]
 [-2.98686337e+00 -3.30968407e+00  2.41981598e-01  4.62158177e+00
  -2.57301949e+00 -3.04871541e+00 -3.55065181e+00  1.48570439e+00
   1.59712572e+00 -2.08663863e+00 -2.28417692e+00  1.16737314e+00
   2.21754293e-01  3.69556166e+00 -4.60302386e-01]
 [-1.87372842e+00  3.77958483e+00 -2.61216239e+00  8.75242081e-01
   2.88179669e+00  5.18900036e-02  3.66590014e+00 -1.43244523e+00
  -1.51638880e+00  2.94577030e-01  2.63756174e+00 -1.16580355e+00
  -2.22754974e-01 -3.69428149e+00  1.13584750e+00]]
The finial b2 :  [[ 0.95349342]
 [-6.0110047 ]
 [-0.521322  ]]
The Correct rate of training data :  98.33333333333333
The Correct rate of testing data :  96.66666666666667
=========================================
=========================================
Number of hidden layer neural :  20
The learning rate :  0.3
The init w1: [[0.68161596 0.87870574 0.52779027 0.33040013]
 [0.48974273 0.64455922 0.33074864 0.16501838]
 [0.51324667 0.94122284 0.84506638 0.10850329]
 [0.72250605 0.02169154 0.43676491 0.17326608]
 [0.46480079 0.76130094 0.49397838 0.15413779]
 [0.47506764 0.56367903 0.66635554 0.22709193]
 [0.73218404 0.9098525  0.06510838 0.04280603]
 [0.30768848 0.76741326 0.9322161  0.13575426]
 [0.16692096 0.89193897 0.30137779 0.4301148 ]
 [0.39055978 0.17754009 0.15098823 0.56821805]
 [0.31306518 0.95719476 0.87426098 0.99219226]
 [0.91277837 0.36911932 0.14532538 0.44399432]
 [0.42277428 0.06610035 0.00856419 0.59067285]
 [0.89152142 0.78391996 0.99075377 0.11535053]
 [0.42051958 0.54857809 0.25292807 0.93042505]
 [0.29369811 0.01810025 0.24831696 0.14429615]
 [0.22255658 0.52408348 0.19116087 0.96142245]
 [0.50884817 0.15506127 0.39017093 0.07601403]
 [0.19206039 0.85622704 0.60152913 0.05406028]
 [0.94683523 0.96220284 0.5020472  0.42896261]]
The init b1: [[0.25042359]
 [0.16591212]
 [0.98077287]
 [0.67005376]
 [0.98879218]
 [0.78373961]
 [0.11459306]
 [0.26860309]
 [0.49333329]
 [0.02349452]
 [0.72958846]
 [0.4250187 ]
 [0.39232762]
 [0.02580334]
 [0.06139354]
 [0.15582708]
 [0.93807658]
 [0.3492621 ]
 [0.33532417]
 [0.14536682]]
The init w2: [[0.67117467 0.5848626  0.50833483 0.12916242 0.59900793 0.15613694
  0.84973573 0.30426408 0.23322499 0.09300499 0.38009164 0.21804348
  0.04275044 0.42220949 0.28602488 0.98902405 0.09075085 0.43532937
  0.65850388 0.7661524 ]
 [0.26800725 0.74888287 0.4261661  0.35045545 0.69814564 0.36365209
  0.16022564 0.83061723 0.68417648 0.59055466 0.8964639  0.81517574
  0.32594174 0.77886568 0.33344024 0.30155198 0.44157608 0.2781352
  0.99365054 0.24024227]
 [0.04634035 0.13134242 0.18623798 0.58534304 0.10734551 0.97156013
  0.32139047 0.05146041 0.25970209 0.05935128 0.6219685  0.84043993
  0.34889739 0.43632454 0.6214196  0.29788715 0.698547   0.2247075
  0.1515852  0.06414551]]
The init b2: [[0.13155137]
 [0.91228614]
 [0.68461615]]
The training epoch :  23548
The finial w1 :  [[ 6.83302552e-01  8.72154958e-01  4.79872232e-01  3.08156968e-01]
 [-1.24401144e+00 -1.02202428e+00  1.96824133e-01  3.89186714e-01]
 [ 5.15956946e-01  9.37188825e-01  8.36863897e-01  1.03835971e-01]
 [ 1.46818705e+01 -4.09656996e+00 -1.42061644e+01 -7.92976089e+00]
 [-1.24565122e+00 -6.42137973e-01  8.25836988e-02  1.34898745e-01]
 [-2.23234354e+00 -7.16627584e-01  5.48328738e-01  1.43895846e+00]
 [-1.69181297e-01 -9.19639238e-01 -6.69059337e-01 -2.23660632e-02]
 [-1.85608747e+00 -7.24823249e-01  4.82149049e-01  8.65698011e-01]
 [-3.55680582e+00  8.37822322e+00 -3.64592497e+00  2.07228773e+00]
 [ 2.05619130e-01 -1.23796652e+01  6.69351022e+00 -3.09484600e-01]
 [ 1.83674465e-01  8.73185786e-01  8.43426316e-01  9.81947687e-01]
 [-9.96474775e-01 -1.55055688e+00  1.20011231e-02  4.28637414e-01]
 [-2.86546454e-01 -3.61855450e+00  3.37594458e+00  4.07889496e+00]
 [ 8.87089223e-01  7.79030577e-01  9.89391224e-01  1.14541956e-01]
 [-1.20036024e+01 -2.38095513e+01  2.36699132e+01  2.63242787e+01]
 [-8.91148779e-01 -1.67227885e+00  1.32777022e-01 -1.57825745e-01]
 [-1.28763004e+01 -3.84979365e+01  3.17011840e+01  3.31466160e+01]
 [-6.48741121e+00 -4.07699308e+01  2.23610574e+01  1.37195327e+01]
 [-1.78779584e+00 -6.74296185e-01  4.76230012e-01  6.81502427e-01]
 [ 9.64509160e-01  9.70340587e-01  5.00382117e-01  4.26559804e-01]]
The finial b1 :  [[ 2.58099643e-01]
 [ 4.69981085e-01]
 [ 9.83815404e-01]
 [ 4.06242600e+00]
 [ 8.50533566e-01]
 [ 1.38959140e+00]
 [-3.34319276e-02]
 [ 8.23206741e-01]
 [ 2.74702059e+00]
 [ 3.52854156e+00]
 [ 7.07303087e-01]
 [ 1.00040392e+00]
 [ 3.97903372e-01]
 [ 2.56324256e-02]
 [-2.88616271e+01]
 [ 8.85641758e-01]
 [-1.58826224e+01]
 [ 1.55746049e+01]
 [ 7.50855744e-01]
 [ 1.50452346e-01]]
The finial w2 :  [[ 6.29740225e-01 -1.00625908e-01  4.76029094e-01 -4.02312692e-03
   1.81218730e-01 -6.90344650e-02  6.61995583e-02  9.11566739e-02
  -4.46599960e-01  3.43515922e-03  2.91291890e-01 -7.51844528e-01
  -4.85251841e+00  3.96479701e-01 -9.35651126e-04  6.00234800e-01
  -1.54133444e-03 -1.30089378e-03  2.35514212e-01  7.44914861e-01]
 [-9.09681883e-01  6.28367156e-01 -7.53556829e-01 -1.30837270e-01
   2.68047085e-01  1.24510397e+00  3.80868420e-01  7.28932568e-01
   1.45944410e+00  8.37993428e-02 -2.71308617e-01  1.01698429e+00
   5.84185575e+00 -4.01611380e-01 -4.85558687e+00  1.32191443e+00
  -4.46583969e+00  4.74782228e+00  8.24130315e-01 -9.41082505e-01]
 [-5.14293889e-01 -9.48545352e-01 -3.82505639e-01  1.35141797e-01
  -7.61369908e-01 -1.04113837e+00 -9.37269870e-01 -1.19616408e+00
  -9.60821566e-01 -8.76978705e-02  8.98243809e-02 -6.43876009e-01
  -9.39401124e-01 -1.38989610e-01  4.85708507e+00 -6.27745431e-01
   4.46774784e+00 -4.74701822e+00 -9.32556618e-01 -5.12401162e-01]]
The finial b2 :  [[ 0.1176397 ]
 [-0.27248238]
 [ 0.10544437]]
The Correct rate of training data :  100.0
The Correct rate of testing data :  100.0
=========================================
=========================================
Number of hidden layer neural :  20
The learning rate :  0.5
The init w1: [[0.46971822 0.90308995 0.93482777 0.2581101 ]
 [0.83833957 0.87799792 0.60622459 0.59450189]
 [0.28113682 0.71731261 0.17958106 0.96514412]
 [0.38503099 0.56851608 0.88659771 0.43085405]
 [0.62053146 0.79255787 0.98410058 0.24121317]
 [0.07253746 0.07286511 0.44200153 0.5701775 ]
 [0.58959572 0.12232121 0.94335173 0.67415136]
 [0.73631251 0.48609805 0.82531952 0.94827011]
 [0.28826926 0.14853751 0.493323   0.66238273]
 [0.190876   0.86191901 0.23907908 0.50334285]
 [0.66873552 0.5854023  0.77589524 0.73109928]
 [0.65066827 0.62090083 0.26525084 0.70660947]
 [0.29296941 0.15471551 0.84149682 0.37770919]
 [0.22502002 0.18703139 0.18989767 0.30197684]
 [0.89389445 0.64650773 0.3832393  0.64755886]
 [0.47827092 0.84910243 0.49444779 0.70341707]
 [0.31136799 0.9053782  0.66295398 0.38347109]
 [0.90849973 0.53468811 0.4729783  0.11429235]
 [0.26948872 0.92137011 0.48474374 0.08031293]
 [0.36344551 0.09266137 0.93252755 0.9988252 ]]
The init b1: [[0.03703989]
 [0.04437793]
 [0.24769231]
 [0.38178872]
 [0.69486819]
 [0.88558098]
 [0.93514042]
 [0.24784551]
 [0.23882658]
 [0.56063233]
 [0.41668313]
 [0.3576807 ]
 [0.33804224]
 [0.02165024]
 [0.01205346]
 [0.95449274]
 [0.87606189]
 [0.13469955]
 [0.81174987]
 [0.90884555]]
The init w2: [[0.51454999 0.88291171 0.57382371 0.69312622 0.40355753 0.51773581
  0.60398839 0.36855617 0.80186105 0.81370261 0.48037143 0.43944576
  0.40759678 0.67421429 0.46491077 0.7063407  0.05195003 0.16255142
  0.26212878 0.66783185]
 [0.43360857 0.77953767 0.15631768 0.70327456 0.91735029 0.28069038
  0.21525061 0.61483657 0.23516336 0.76320373 0.20746108 0.18625234
  0.01131448 0.52893469 0.48966711 0.31808442 0.38084819 0.76950172
  0.87169424 0.48059113]
 [0.70286705 0.98760076 0.92977784 0.1829287  0.38373522 0.4494219
  0.52849619 0.92936076 0.41323383 0.76412779 0.06971044 0.09482678
  0.56871089 0.24206297 0.63319291 0.10622784 0.64954811 0.5319117
  0.1586975  0.10497104]]
The init b2: [[0.6115315 ]
 [0.41751951]
 [0.50479873]]
The training epoch :  13808
The finial w1 :  [[-1.18083723e+00 -1.18264213e+00  5.04795434e-01 -6.15610143e-02]
 [ 9.08617096e-01  9.08808122e-01  6.16311950e-01  5.91095078e-01]
 [-1.35201215e+01 -2.71739940e+01  2.69960916e+01  2.78845831e+01]
 [-1.25891462e+00 -1.56713619e+00  6.16087638e-01 -1.94659433e-01]
 [ 6.02762347e-01  7.56444555e-01  9.84747026e-01  2.39666409e-01]
 [-9.29742667e-01 -2.78756161e+00  3.22605076e+00  4.94243503e+00]
 [ 1.15985068e+00 -8.20557401e+00  2.88213081e+00  6.86964732e-01]
 [ 8.24369934e-01  8.07436986e-01  6.62481531e-02  3.58469043e-01]
 [-1.16606638e+00 -1.94832517e+00  5.80711618e-01 -1.57075011e-01]
 [ 1.26580923e+01  3.89130923e+01 -3.11993300e+01 -3.52531389e+01]
 [-8.12522860e-01 -5.11741807e-01  2.40405729e-01  1.87968786e-01]
 [-8.37196191e-01 -2.18425210e+00  3.89963686e-01  4.97078176e-02]
 [-8.87021050e-01 -2.28980361e+00  4.41533470e-01 -2.99536577e-02]
 [ 2.13009194e+01 -4.17596052e+00 -2.24047952e+01 -1.43622879e+01]
 [-1.44732829e-01 -2.34676313e-01 -6.36075185e-01  3.74017089e-01]
 [-8.29814225e-01 -4.87569344e-02 -4.54869082e-01  4.01501776e-01]
 [-1.14107704e+01  1.13347109e+01  4.58708327e+00  5.28255062e+00]
 [-1.37703046e-01  8.70671412e-02 -2.20095621e-01 -1.72486179e-01]
 [-2.38021940e+00  1.64727144e-01  9.12699689e-01 -4.07621851e-01]
 [-8.50591827e+00 -3.79214811e+01  2.48070032e+01  1.03088761e+01]]
The finial b1 :  [[  0.14125244]
 [  0.06719606]
 [-29.81138948]
 [  0.88180856]
 [  0.69871039]
 [  0.9595377 ]
 [  1.73765397]
 [  0.28004938]
 [  1.21991076]
 [ 17.42539985]
 [  0.15356041]
 [  0.71152791]
 [  1.0370561 ]
 [  7.93042995]
 [ -0.2845419 ]
 [  0.59045064]
 [  4.0889514 ]
 [  0.20372979]
 [  1.37645794]
 [ 12.84176602]]
The finial w2 :  [[ 1.80156511e-01  9.19871567e-01 -1.28087061e-02  2.37500829e-01
   4.30555501e-01 -4.48287293e+00  4.67609101e-03  3.26223097e-01
   1.22826417e-01  1.54519889e-02  5.25332364e-01 -1.27507465e-01
  -1.30732519e-01  1.27566452e-03  3.47996956e-01  5.19575138e-01
   7.46538089e-03 -5.00551867e-01 -9.80890237e-02  2.89435673e-03]
 [ 4.78900547e-01 -1.69677689e+00 -5.29430356e+00  9.02410012e-01
  -1.55487119e+00  4.39015729e+00  9.32934919e-02 -1.32245526e+00
   1.19567953e+00  4.41062384e+00 -7.61469803e-01  6.85160027e-01
   1.07571100e+00  1.33346110e-03 -3.15177655e-01 -7.39885974e-01
   5.69880991e-02  1.32767655e-01  9.86389877e-01  5.23791401e+00]
 [-9.56788278e-01  9.10416162e-01  5.31649137e+00 -9.28229762e-01
   3.04875202e-01  1.21560395e-01 -9.39206634e-02  3.99053248e-01
  -8.83013405e-01 -4.42858831e+00 -9.56733135e-01 -1.05512158e+00
  -7.44317049e-01 -5.66184097e-03 -3.30043784e-01 -6.90791689e-01
  -6.35047866e-02  6.39451096e-01 -8.81325097e-01 -5.24547058e+00]]
The finial b2 :  [[ 0.66073921]
 [-2.07115475]
 [ 0.44178469]]
The Correct rate of training data :  100.0
The Correct rate of testing data :  100.0
=========================================
=========================================
Number of hidden layer neural :  20
The learning rate :  0.7
The init w1: [[0.25235829 0.44582673 0.89869552 0.20214087]
 [0.58453549 0.55875474 0.43070177 0.70883448]
 [0.07883985 0.84279481 0.60420553 0.35670994]
 [0.3704562  0.31504405 0.00739074 0.96636497]
 [0.27560697 0.1359649  0.05706234 0.45271978]
 [0.96141989 0.96480424 0.40586867 0.91472358]
 [0.91813134 0.37989656 0.9805093  0.50884204]
 [0.0750288  0.4297878  0.25936649 0.15007851]
 [0.55686066 0.65298537 0.30019205 0.115323  ]
 [0.04854568 0.02597859 0.05542826 0.07289099]
 [0.73390849 0.68993744 0.87770195 0.83359196]
 [0.88823618 0.93346727 0.76989762 0.37558788]
 [0.2372615  0.49795129 0.54168331 0.3205836 ]
 [0.44282799 0.44877567 0.62622369 0.30604415]
 [0.28406788 0.66183024 0.71478617 0.33068436]
 [0.83545649 0.97381188 0.65268587 0.77263251]
 [0.47326334 0.9332948  0.70512976 0.32143594]
 [0.40102444 0.97281562 0.11184155 0.0820162 ]
 [0.28929178 0.45217556 0.11688366 0.50025172]
 [0.16436365 0.18585152 0.71777089 0.75285507]]
The init b1: [[0.71633112]
 [0.17802669]
 [0.37451917]
 [0.91959329]
 [0.24520634]
 [0.45660532]
 [0.91498107]
 [0.05001583]
 [0.12834027]
 [0.86474718]
 [0.38863871]
 [0.74647994]
 [0.80040217]
 [0.94900921]
 [0.89531624]
 [0.75138206]
 [0.7810553 ]
 [0.2645216 ]
 [0.94853818]
 [0.30655206]]
The init w2: [[0.77524185 0.6573741  0.13826232 0.79096026 0.77609654 0.28348674
  0.58811201 0.99078841 0.39881114 0.40673499 0.77695169 0.55599636
  0.93230304 0.43576608 0.0144162  0.63202887 0.27990819 0.65194181
  0.56264414 0.71979206]
 [0.86929871 0.94419188 0.40803514 0.3967621  0.85239546 0.12491868
  0.77247355 0.45739479 0.92176676 0.89804044 0.60341157 0.46140563
  0.92535663 0.05182644 0.45177398 0.96265004 0.27367664 0.22468053
  0.78115702 0.71749296]
 [0.54112547 0.59650301 0.38149943 0.53444211 0.85812339 0.18135264
  0.84663322 0.8360118  0.20613223 0.24760131 0.47607034 0.83202278
  0.40140675 0.82479675 0.04932356 0.85331885 0.84926607 0.66307035
  0.7317258  0.28982294]]
The init b2: [[0.73527364]
 [0.99140716]
 [0.1933725 ]]
The training epoch :  50000
The finial w1 :  [[ 19.60860879   3.11265498 -15.75984343 -14.66780626]
 [ 29.88151948  -9.71323912 -29.92233905 -16.9612888 ]
 [  9.32122456  43.89664465 -24.05158439 -27.57931136]
 [ 20.29232201  -2.67243886 -22.35174937 -11.98164923]
 [ -5.71543803  -4.83658453  13.51016351  12.90811113]
 [ 25.09279779  52.49481836 -68.37936224  52.38887079]
 [-10.81465025 -32.58399989  31.74754872  -7.47797064]
 [-14.79123997 -57.2054299   44.47107445  51.52796969]
 [ 10.3157128    2.42558347  -7.89985523  -8.31353377]
 [ -0.08514292   2.31832344  -2.05776586  -5.95826373]
 [ -4.45189111   8.55767081  -9.58492483   3.03589549]
 [  0.29066594  -3.6742503    0.6809198   -2.28332197]
 [ 24.98767198  -3.58069683 -27.19170413 -20.05707259]
 [  6.35058411   5.65868749  -6.37630447  -6.55463113]
 [-22.93049064   7.32514273  19.9838029   21.95284736]
 [ -2.54646969 -11.19701464   8.98578469  -5.81581305]
 [  8.61042036   2.98524762  -7.00091838  -7.37594611]
 [ -2.00771582   2.69840368  -1.12751274  -0.95201941]
 [ -3.85720831   9.04790234  -4.68397059  -3.09599867]
 [ -6.63535735  -5.18457152   5.72544953   7.53492238]]
The finial b1 :  [[  7.07476158]
 [ 11.0210402 ]
 [ 23.44202493]
 [  4.25800351]
 [ -3.96341805]
 [-32.76272777]
 [ -0.77631374]
 [-40.04006544]
 [  3.82169144]
 [  5.25847255]
 [  8.94017352]
 [  2.48525817]
 [  1.7508262 ]
 [  4.51361874]
 [  1.65441838]
 [  5.13708265]
 [  4.75887669]
 [ -0.07892418]
 [ -0.88427322]
 [ -3.59632188]]
The finial w2 :  [[ 4.71151959e-01  9.31867410e-04  1.29614127e-04 -3.48363852e-03
  -4.08975974e+00  7.34114550e-04 -4.44090815e-04  9.54915302e-04
   4.80100959e-01  3.12914296e-01 -3.95090656e-04  8.51199856e-02
  -1.92303418e-02  2.74201597e-01 -1.18630457e-02  2.54091537e-04
   3.83970700e-01  2.21467593e-03  3.50207911e-03  5.67680533e-03]
 [ 1.10714062e+00  3.39297901e+00  5.04209163e+00 -3.09383672e+00
  -1.13253635e+00 -3.23704738e+00 -1.11257955e+00 -4.52566095e+00
  -4.88515509e-02 -5.90370533e+00  8.37036248e-01  9.92251550e-01
   1.25791090e+00  1.79441692e-01  5.90353654e-01 -2.97224239e+00
  -2.38198432e-01 -5.14568506e-01 -7.91244695e-01 -2.12924774e+00]
 [-1.62272621e+00 -3.41422502e+00 -5.22567287e+00  3.07844325e+00
   4.83047151e+00  3.18467256e+00  1.06007717e+00  4.51585093e+00
  -8.36709515e-01  4.92676201e+00 -1.12088131e+00 -1.18403499e+00
  -1.22321453e+00 -8.58314921e-01 -5.67579769e-01  2.98092239e+00
  -5.59107983e-01  1.24464265e+00  1.14830608e+00  2.45345178e+00]]
The finial b2 :  [[ 0.29374229]
 [-0.9981517 ]
 [ 0.29608319]]
The Correct rate of training data :  99.16666666666667
The Correct rate of testing data :  96.6666666666667
=========================================
=========================================
Number of hidden layer neural :  20
The learning rate :  1
The init w1: [[0.38563276 0.93120373 0.58437574 0.29243463]
 [0.18209479 0.12742201 0.49513418 0.57576182]
 [0.5080853  0.49985507 0.44978386 0.35112122]
 [0.46094134 0.32727481 0.9256159  0.65341307]
 [0.26480034 0.3785217  0.6527908  0.89082794]
 [0.81792686 0.23706136 0.51550079 0.83806532]
 [0.38166617 0.60946059 0.42176737 0.52855535]
 [0.63330395 0.04284054 0.43797899 0.27654593]
 [0.04030049 0.559908   0.53617202 0.19253591]
 [0.92604829 0.89029741 0.29088663 0.52991983]
 [0.93513009 0.61015211 0.00831417 0.52950074]
 [0.04338359 0.13713809 0.74237945 0.37226998]
 [0.96389617 0.10958501 0.47482521 0.80285233]
 [0.98526998 0.06996915 0.11056788 0.36925681]
 [0.69739438 0.03161449 0.06253836 0.81814647]
 [0.21197469 0.87433194 0.58959926 0.71702391]
 [0.1403147  0.7471573  0.94970591 0.13460292]
 [0.38445094 0.35408834 0.98430777 0.57622532]
 [0.06517062 0.91301326 0.68512626 0.34409436]
 [0.45435665 0.91328613 0.01979214 0.61375837]]
The init b1: [[0.78154891]
 [0.64901466]
 [0.76156458]
 [0.8483971 ]
 [0.2645704 ]
 [0.06537132]
 [0.69180055]
 [0.56801006]
 [0.02029232]
 [0.51793888]
 [0.22955138]
 [0.23185315]
 [0.3001248 ]
 [0.86981112]
 [0.90731829]
 [0.16256555]
 [0.93575034]
 [0.89222587]
 [0.8285059 ]
 [0.35578959]]
The init w2: [[0.68112855 0.88184363 0.73228365 0.13335803 0.33200695 0.19034781
  0.80819821 0.60819643 0.73494557 0.31940078 0.74170856 0.47588922
  0.50800947 0.94789853 0.9075815  0.41550704 0.45781721 0.57818499
  0.96404825 0.86630219]
 [0.69161448 0.94912677 0.40015145 0.15388623 0.12974947 0.48908713
  0.52256817 0.60059964 0.56682305 0.37207868 0.12829568 0.78029106
  0.71441169 0.12279534 0.08312204 0.2975864  0.72842815 0.68555225
  0.60916049 0.31640519]
 [0.24647226 0.26938542 0.06414086 0.38228466 0.69376059 0.48388262
  0.14215032 0.47479464 0.35298915 0.92017685 0.86557773 0.0834
  0.41885781 0.9583302  0.60923956 0.23559231 0.5913599  0.25328389
  0.42485289 0.49853379]]
The init b2: [[0.63684077]
 [0.85326632]
 [0.1630584 ]]
The training epoch :  50000
The finial w1 :  [[ -7.07552817 -20.7612507   25.87670105  24.48326232]
 [ -2.36274519  -3.53763078  10.41102231   6.33563736]
 [ -7.11669967  -4.18845304   4.11929162   4.91745819]
 [  0.93213411   1.5989089    0.92939166   1.12046057]
 [ -1.76258977  -2.12573495   4.49910961   6.55990693]
 [ -8.00460076  -6.08229281   4.94977687   7.41542937]
 [ -8.14029827  -4.17520217   5.62868424   7.26538819]
 [  6.58296522   3.94907926  -5.43750647  -5.40019696]
 [-10.12757909  -6.0070604    7.95604977   8.11243395]
 [-10.96239772  -6.29161373   8.61631604  10.31064997]
 [ 12.72615102   8.90941014 -12.03360755 -11.82996285]
 [ -6.54146796  -4.2178311    4.53868283   4.63018098]
 [ -8.09704176  -5.89417196   6.16857281   7.16636453]
 [  4.7773956    2.86301493 -11.52976217  -9.1116803 ]
 [ 32.21233795  68.85559568 -64.60549493 -82.56194442]
 [  5.84907181   5.94058888  -6.03197361  -4.47853131]
 [ 11.58870049   9.29877939 -11.06293551 -11.6848081 ]
 [ -9.93940304  -5.10027871   8.13071737   8.45801943]
 [  4.50121527   5.49713301 -13.96813276 -11.62431906]
 [  1.12648542   4.57988337  -6.8950696   -4.45486971]]
The finial b1 :  [[-13.51745564]
 [ -1.23190927]
 [ -1.78548165]
 [  0.83516376]
 [ -0.0637517 ]
 [ -3.05361041]
 [ -2.28522427]
 [  3.03174829]
 [ -3.43955344]
 [ -4.0313907 ]
 [  4.95393924]
 [ -1.92070807]
 [ -3.0359779 ]
 [  3.14013571]
 [ 52.81054637]
 [  2.9679977 ]
 [  5.88392412]
 [ -2.51540967]
 [  4.44933765]
 [  1.41121036]]
The finial w2 :  [[ 1.01524229e-02  3.31956380e-02 -4.38018945e-02 -1.58544008e-01
  -1.80318180e+00 -1.46846777e-01  8.46973708e-02 -1.79610621e-02
   1.52135296e-02 -4.78936775e-03 -2.36497017e-01 -1.92766063e-01
   5.77756041e-03  1.06987505e+00 -1.76555219e-04 -1.46726806e-01
  -2.70799553e-01  9.30337966e-03  1.32615538e+00  2.40955126e-01]
 [-1.09334607e+00 -3.80093976e+00 -3.54047913e+00 -6.12924900e+00
   8.84996243e+00 -3.24605981e+00 -3.26790464e+00 -2.39336641e-01
  -3.32859650e+00 -3.41868085e+00  3.26117680e+00 -2.74085335e+00
  -3.51307644e+00  2.45666039e+00  4.30273008e+00  4.22069398e-02
   3.15251735e+00 -2.77941435e+00  2.35628039e+00 -5.20963461e+00]
 [ 8.49536499e-01  4.15926023e+00  4.06550915e+00  1.68226507e+00
   5.26618098e+00  3.98741150e+00  3.46189738e+00 -1.88985163e+00
   3.54721526e+00  3.73470687e+00 -3.52656803e+00  3.80291103e+00
   3.57174456e+00 -3.24779197e+00 -4.30177660e+00 -1.72627791e+00
  -3.44060709e+00  3.12740357e+00 -3.39784559e+00 -2.23729391e+00]]
The finial b2 :  [[ 0.39304379]
 [-6.20501001]
 [ 0.79308627]]
The Correct rate of training data :  98.33333333333333
The Correct rate of testing data :  93.3333333333333
=========================================



